This file contains any messages produced by compilers while
running configure, to aid debugging if configure makes a mistake.

It was created by sandbox configure 1.1, which was
generated by GNU Autoconf 2.59.  Invocation command line was

  $ ./configure 

## --------- ##
## Platform. ##
## --------- ##

hostname = everest
uname -m = i686
uname -r = 2.6.8-1-686-smp
uname -s = Linux
uname -v = #1 SMP Thu Oct 7 01:53:29 EDT 2004

/usr/bin/uname -p = Intel(R) Pentium(R) 4 CPU 2.40GHz
/bin/uname -X     = unknown

/bin/arch              = i686
/usr/bin/arch -k       = unknown
/usr/convex/getsysinfo = unknown
hostinfo               = unknown
/bin/machine           = unknown
/usr/bin/oslevel       = unknown
/bin/universe          = unknown

PATH: /usr/local/adabas/bin
PATH: /usr/local/adabas/pgm
PATH: /bin
PATH: /sbin
PATH: /usr/bin
PATH: /usr/sbin
PATH: /usr/local/bin
PATH: /opt/bin
PATH: /usr/i686-pc-linux-gnu/gcc-bin/3.3


## ----------- ##
## Core tests. ##
## ----------- ##

configure:1552: checking for a BSD-compatible install
configure:1607: result: /bin/install -c
configure:1618: checking whether build environment is sane
configure:1661: result: yes
configure:1718: checking for gawk
configure:1734: found /bin/gawk
configure:1744: result: gawk
configure:1754: checking whether make sets $(MAKE)
configure:1774: result: yes
configure:1989: checking for gcc
configure:2015: result: gcc
configure:2259: checking for C compiler version
configure:2262: gcc --version </dev/null >&5
gcc (GCC) 3.3.4 20040623 (Gentoo Linux 3.3.4-r1, ssp-3.3.2-2, pie-8.7.6)
Copyright (C) 2003 Free Software Foundation, Inc.
This is free software; see the source for copying conditions.  There is NO
warranty; not even for MERCHANTABILITY or FITNESS FOR A PARTICULAR PURPOSE.

configure:2265: $? = 0
configure:2267: gcc -v </dev/null >&5
Reading specs from /usr/lib/gcc-lib/i686-pc-linux-gnu/3.3.4/specs
Configured with: /var/tmp/portage/gcc-3.3.4-r1/work/gcc-3.3.4/configure --prefix=/usr --bindir=/usr/i686-pc-linux-gnu/gcc-bin/3.3 --includedir=/usr/lib/gcc-lib/i686-pc-linux-gnu/3.3.4/include --datadir=/usr/share/gcc-data/i686-pc-linux-gnu/3.3 --mandir=/usr/share/gcc-data/i686-pc-linux-gnu/3.3/man --infodir=/usr/share/gcc-data/i686-pc-linux-gnu/3.3/info --enable-shared --host=i686-pc-linux-gnu --target=i686-pc-linux-gnu --with-system-zlib --enable-languages=c,c++,f77 --enable-threads=posix --enable-long-long --disable-checking --disable-libunwind-exceptions --enable-cstdio=stdio --enable-version-specific-runtime-libs --with-gxx-include-dir=/usr/lib/gcc-lib/i686-pc-linux-gnu/3.3.4/include/g++-v3 --with-local-prefix=/usr/local --enable-shared --enable-nls --without-included-gettext --disable-multilib --enable-__cxa_atexit --enable-clocale=generic
Thread model: posix
gcc version 3.3.4 20040623 (Gentoo Linux 3.3.4-r1, ssp-3.3.2-2, pie-8.7.6)
configure:2270: $? = 0
configure:2272: gcc -V </dev/null >&5
gcc: `-V' option must have argument
configure:2275: $? = 1
configure:2298: checking for C compiler default output file name
configure:2301: gcc    conftest.c  >&5
configure:2304: $? = 0
configure:2350: result: a.out
configure:2355: checking whether the C compiler works
configure:2361: ./a.out
configure:2364: $? = 0
configure:2381: result: yes
configure:2388: checking whether we are cross compiling
configure:2390: result: no
configure:2393: checking for suffix of executables
configure:2395: gcc -o conftest    conftest.c  >&5
configure:2398: $? = 0
configure:2423: result: 
configure:2429: checking for suffix of object files
configure:2450: gcc -c   conftest.c >&5
configure:2453: $? = 0
configure:2475: result: o
configure:2479: checking whether we are using the GNU C compiler
configure:2503: gcc -c   conftest.c >&5
configure:2509: $? = 0
configure:2513: test -z 
			 || test ! -s conftest.err
configure:2516: $? = 0
configure:2519: test -s conftest.o
configure:2522: $? = 0
configure:2535: result: yes
configure:2541: checking whether gcc accepts -g
configure:2562: gcc -c -g  conftest.c >&5
configure:2568: $? = 0
configure:2572: test -z 
			 || test ! -s conftest.err
configure:2575: $? = 0
configure:2578: test -s conftest.o
configure:2581: $? = 0
configure:2592: result: yes
configure:2609: checking for gcc option to accept ANSI C
configure:2679: gcc  -c -g -O2  conftest.c >&5
configure:2685: $? = 0
configure:2689: test -z 
			 || test ! -s conftest.err
configure:2692: $? = 0
configure:2695: test -s conftest.o
configure:2698: $? = 0
configure:2716: result: none needed
configure:2734: gcc -c -g -O2  conftest.c >&5
conftest.c:2: error: syntax error before "me"
configure:2740: $? = 1
configure: failed program was:
| #ifndef __cplusplus
|   choke me
| #endif
configure:2884: checking for style of include used by make
configure:2912: result: GNU
configure:2940: checking dependency style of gcc
configure:3030: result: gcc3
configure:3125: checking build system type
configure:3143: result: i686-pc-linux-gnu
configure:3151: checking host system type
configure:3165: result: i686-pc-linux-gnu
configure:3173: checking for a sed that does not truncate output
configure:3227: result: /bin/sed
configure:3230: checking for egrep
configure:3240: result: grep -E
configure:3256: checking for ld used by gcc
configure:3323: result: /usr/i686-pc-linux-gnu/bin/ld
configure:3332: checking if the linker (/usr/i686-pc-linux-gnu/bin/ld) is GNU ld
configure:3347: result: yes
configure:3352: checking for /usr/i686-pc-linux-gnu/bin/ld option to reload object files
configure:3359: result: -r
configure:3368: checking for BSD-compatible nm
configure:3410: result: /usr/bin/nm -B
configure:3414: checking whether ln -s works
configure:3418: result: yes
configure:3425: checking how to recognise dependent libraries
configure:3608: result: pass_all
configure:3740: gcc -c -g -O2  conftest.c >&5
configure:3743: $? = 0
configure:3840: checking how to run the C preprocessor
configure:3875: gcc -E  conftest.c
configure:3881: $? = 0
configure:3913: gcc -E  conftest.c
conftest.c:11:28: ac_nonexistent.h: No such file or directory
configure:3919: $? = 1
configure: failed program was:
| /* confdefs.h.  */
| 
| #define PACKAGE_NAME "sandbox"
| #define PACKAGE_TARNAME "sandbox"
| #define PACKAGE_VERSION "1.1"
| #define PACKAGE_STRING "sandbox 1.1"
| #define PACKAGE_BUGREPORT "dev-portage@gentoo.org"
| #define PACKAGE "sandbox"
| #define VERSION "1.1"
| /* end confdefs.h.  */
| #include <ac_nonexistent.h>
configure:3958: result: gcc -E
configure:3982: gcc -E  conftest.c
configure:3988: $? = 0
configure:4020: gcc -E  conftest.c
conftest.c:11:28: ac_nonexistent.h: No such file or directory
configure:4026: $? = 1
configure: failed program was:
| /* confdefs.h.  */
| 
| #define PACKAGE_NAME "sandbox"
| #define PACKAGE_TARNAME "sandbox"
| #define PACKAGE_VERSION "1.1"
| #define PACKAGE_STRING "sandbox 1.1"
| #define PACKAGE_BUGREPORT "dev-portage@gentoo.org"
| #define PACKAGE "sandbox"
| #define VERSION "1.1"
| /* end confdefs.h.  */
| #include <ac_nonexistent.h>
configure:4070: checking for ANSI C header files
configure:4095: gcc -c -g -O2  conftest.c >&5
configure:4101: $? = 0
configure:4105: test -z 
			 || test ! -s conftest.err
configure:4108: $? = 0
configure:4111: test -s conftest.o
configure:4114: $? = 0
configure:4203: gcc -o conftest -g -O2   conftest.c  >&5
configure:4206: $? = 0
configure:4208: ./conftest
configure:4211: $? = 0
configure:4226: result: yes
configure:4250: checking for sys/types.h
configure:4266: gcc -c -g -O2  conftest.c >&5
configure:4272: $? = 0
configure:4276: test -z 
			 || test ! -s conftest.err
configure:4279: $? = 0
configure:4282: test -s conftest.o
configure:4285: $? = 0
configure:4296: result: yes
configure:4250: checking for sys/stat.h
configure:4266: gcc -c -g -O2  conftest.c >&5
configure:4272: $? = 0
configure:4276: test -z 
			 || test ! -s conftest.err
configure:4279: $? = 0
configure:4282: test -s conftest.o
configure:4285: $? = 0
configure:4296: result: yes
configure:4250: checking for stdlib.h
configure:4266: gcc -c -g -O2  conftest.c >&5
configure:4272: $? = 0
configure:4276: test -z 
			 || test ! -s conftest.err
configure:4279: $? = 0
configure:4282: test -s conftest.o
configure:4285: $? = 0
configure:4296: result: yes
configure:4250: checking for string.h
configure:4266: gcc -c -g -O2  conftest.c >&5
configure:4272: $? = 0
configure:4276: test -z 
			 || test ! -s conftest.err
configure:4279: $? = 0
configure:4282: test -s conftest.o
configure:4285: $? = 0
configure:4296: result: yes
configure:4250: checking for memory.h
configure:4266: gcc -c -g -O2  conftest.c >&5
configure:4272: $? = 0
configure:4276: test -z 
			 || test ! -s conftest.err
configure:4279: $? = 0
configure:4282: test -s conftest.o
configure:4285: $? = 0
configure:4296: result: yes
configure:4250: checking for strings.h
configure:4266: gcc -c -g -O2  conftest.c >&5
configure:4272: $? = 0
configure:4276: test -z 
			 || test ! -s conftest.err
configure:4279: $? = 0
configure:4282: test -s conftest.o
configure:4285: $? = 0
configure:4296: result: yes
configure:4250: checking for inttypes.h
configure:4266: gcc -c -g -O2  conftest.c >&5
configure:4272: $? = 0
configure:4276: test -z 
			 || test ! -s conftest.err
configure:4279: $? = 0
configure:4282: test -s conftest.o
configure:4285: $? = 0
configure:4296: result: yes
configure:4250: checking for stdint.h
configure:4266: gcc -c -g -O2  conftest.c >&5
configure:4272: $? = 0
configure:4276: test -z 
			 || test ! -s conftest.err
configure:4279: $? = 0
configure:4282: test -s conftest.o
configure:4285: $? = 0
configure:4296: result: yes
configure:4250: checking for unistd.h
configure:4266: gcc -c -g -O2  conftest.c >&5
configure:4272: $? = 0
configure:4276: test -z 
			 || test ! -s conftest.err
configure:4279: $? = 0
configure:4282: test -s conftest.o
configure:4285: $? = 0
configure:4296: result: yes
configure:4322: checking dlfcn.h usability
configure:4334: gcc -c -g -O2  conftest.c >&5
configure:4340: $? = 0
configure:4344: test -z 
			 || test ! -s conftest.err
configure:4347: $? = 0
configure:4350: test -s conftest.o
configure:4353: $? = 0
configure:4363: result: yes
configure:4367: checking dlfcn.h presence
configure:4377: gcc -E  conftest.c
configure:4383: $? = 0
configure:4403: result: yes
configure:4438: checking for dlfcn.h
configure:4445: result: yes
configure:4552: checking for C++ compiler version
configure:4555: g++ --version </dev/null >&5
g++ (GCC) 3.3.4 20040623 (Gentoo Linux 3.3.4-r1, ssp-3.3.2-2, pie-8.7.6)
Copyright (C) 2003 Free Software Foundation, Inc.
This is free software; see the source for copying conditions.  There is NO
warranty; not even for MERCHANTABILITY or FITNESS FOR A PARTICULAR PURPOSE.

configure:4558: $? = 0
configure:4560: g++ -v </dev/null >&5
Reading specs from /usr/lib/gcc-lib/i686-pc-linux-gnu/3.3.4/specs
Configured with: /var/tmp/portage/gcc-3.3.4-r1/work/gcc-3.3.4/configure --prefix=/usr --bindir=/usr/i686-pc-linux-gnu/gcc-bin/3.3 --includedir=/usr/lib/gcc-lib/i686-pc-linux-gnu/3.3.4/include --datadir=/usr/share/gcc-data/i686-pc-linux-gnu/3.3 --mandir=/usr/share/gcc-data/i686-pc-linux-gnu/3.3/man --infodir=/usr/share/gcc-data/i686-pc-linux-gnu/3.3/info --enable-shared --host=i686-pc-linux-gnu --target=i686-pc-linux-gnu --with-system-zlib --enable-languages=c,c++,f77 --enable-threads=posix --enable-long-long --disable-checking --disable-libunwind-exceptions --enable-cstdio=stdio --enable-version-specific-runtime-libs --with-gxx-include-dir=/usr/lib/gcc-lib/i686-pc-linux-gnu/3.3.4/include/g++-v3 --with-local-prefix=/usr/local --enable-shared --enable-nls --without-included-gettext --disable-multilib --enable-__cxa_atexit --enable-clocale=generic
Thread model: posix
gcc version 3.3.4 20040623 (Gentoo Linux 3.3.4-r1, ssp-3.3.2-2, pie-8.7.6)
configure:4563: $? = 0
configure:4565: g++ -V </dev/null >&5
g++: `-V' option must have argument
configure:4568: $? = 1
configure:4571: checking whether we are using the GNU C++ compiler
configure:4595: g++ -c   conftest.cc >&5
configure:4601: $? = 0
configure:4605: test -z 
			 || test ! -s conftest.err
configure:4608: $? = 0
configure:4611: test -s conftest.o
configure:4614: $? = 0
configure:4627: result: yes
configure:4633: checking whether g++ accepts -g
configure:4654: g++ -c -g  conftest.cc >&5
configure:4660: $? = 0
configure:4664: test -z 
			 || test ! -s conftest.err
configure:4667: $? = 0
configure:4670: test -s conftest.o
configure:4673: $? = 0
configure:4684: result: yes
configure:4726: g++ -c -g -O2  conftest.cc >&5
configure:4732: $? = 0
configure:4736: test -z 
			 || test ! -s conftest.err
configure:4739: $? = 0
configure:4742: test -s conftest.o
configure:4745: $? = 0
configure:4771: g++ -c -g -O2  conftest.cc >&5
conftest.cc: In function `int main()':
conftest.cc:26: error: `exit' undeclared (first use this function)
conftest.cc:26: error: (Each undeclared identifier is reported only once for 
   each function it appears in.)
configure:4777: $? = 1
configure: failed program was:
| /* confdefs.h.  */
| 
| #define PACKAGE_NAME "sandbox"
| #define PACKAGE_TARNAME "sandbox"
| #define PACKAGE_VERSION "1.1"
| #define PACKAGE_STRING "sandbox 1.1"
| #define PACKAGE_BUGREPORT "dev-portage@gentoo.org"
| #define PACKAGE "sandbox"
| #define VERSION "1.1"
| #define STDC_HEADERS 1
| #define HAVE_SYS_TYPES_H 1
| #define HAVE_SYS_STAT_H 1
| #define HAVE_STDLIB_H 1
| #define HAVE_STRING_H 1
| #define HAVE_MEMORY_H 1
| #define HAVE_STRINGS_H 1
| #define HAVE_INTTYPES_H 1
| #define HAVE_STDINT_H 1
| #define HAVE_UNISTD_H 1
| #define HAVE_DLFCN_H 1
| /* end confdefs.h.  */
| 
| int
| main ()
| {
| exit (42);
|   ;
|   return 0;
| }
configure:4726: g++ -c -g -O2  conftest.cc >&5
configure:4732: $? = 0
configure:4736: test -z 
			 || test ! -s conftest.err
configure:4739: $? = 0
configure:4742: test -s conftest.o
configure:4745: $? = 0
configure:4771: g++ -c -g -O2  conftest.cc >&5
configure:4777: $? = 0
configure:4781: test -z 
			 || test ! -s conftest.err
configure:4784: $? = 0
configure:4787: test -s conftest.o
configure:4790: $? = 0
configure:4815: checking dependency style of g++
configure:4905: result: gcc3
configure:4927: checking how to run the C++ preprocessor
configure:4958: g++ -E  conftest.cc
configure:4964: $? = 0
configure:4996: g++ -E  conftest.cc
conftest.cc:25:28: ac_nonexistent.h: No such file or directory
configure:5002: $? = 1
configure: failed program was:
| /* confdefs.h.  */
| 
| #define PACKAGE_NAME "sandbox"
| #define PACKAGE_TARNAME "sandbox"
| #define PACKAGE_VERSION "1.1"
| #define PACKAGE_STRING "sandbox 1.1"
| #define PACKAGE_BUGREPORT "dev-portage@gentoo.org"
| #define PACKAGE "sandbox"
| #define VERSION "1.1"
| #define STDC_HEADERS 1
| #define HAVE_SYS_TYPES_H 1
| #define HAVE_SYS_STAT_H 1
| #define HAVE_STDLIB_H 1
| #define HAVE_STRING_H 1
| #define HAVE_MEMORY_H 1
| #define HAVE_STRINGS_H 1
| #define HAVE_INTTYPES_H 1
| #define HAVE_STDINT_H 1
| #define HAVE_UNISTD_H 1
| #define HAVE_DLFCN_H 1
| #ifdef __cplusplus
| extern "C" void std::exit (int) throw (); using std::exit;
| #endif
| /* end confdefs.h.  */
| #include <ac_nonexistent.h>
configure:5041: result: g++ -E
configure:5065: g++ -E  conftest.cc
configure:5071: $? = 0
configure:5103: g++ -E  conftest.cc
conftest.cc:25:28: ac_nonexistent.h: No such file or directory
configure:5109: $? = 1
configure: failed program was:
| /* confdefs.h.  */
| 
| #define PACKAGE_NAME "sandbox"
| #define PACKAGE_TARNAME "sandbox"
| #define PACKAGE_VERSION "1.1"
| #define PACKAGE_STRING "sandbox 1.1"
| #define PACKAGE_BUGREPORT "dev-portage@gentoo.org"
| #define PACKAGE "sandbox"
| #define VERSION "1.1"
| #define STDC_HEADERS 1
| #define HAVE_SYS_TYPES_H 1
| #define HAVE_SYS_STAT_H 1
| #define HAVE_STDLIB_H 1
| #define HAVE_STRING_H 1
| #define HAVE_MEMORY_H 1
| #define HAVE_STRINGS_H 1
| #define HAVE_INTTYPES_H 1
| #define HAVE_STDINT_H 1
| #define HAVE_UNISTD_H 1
| #define HAVE_DLFCN_H 1
| #ifdef __cplusplus
| extern "C" void std::exit (int) throw (); using std::exit;
| #endif
| /* end confdefs.h.  */
| #include <ac_nonexistent.h>
configure:5204: checking for g77
configure:5220: found /usr/i686-pc-linux-gnu/gcc-bin/3.3/g77
configure:5230: result: g77
configure:5245: checking for Fortran 77 compiler version
configure:5248: g77 --version </dev/null >&5
GNU Fortran (GCC) 3.3.4 20040623 (Gentoo Linux 3.3.4-r1, ssp-3.3.2-2, pie-8.7.6)
Copyright (C) 2002 Free Software Foundation, Inc.

GNU Fortran comes with NO WARRANTY, to the extent permitted by law.
You may redistribute copies of GNU Fortran
under the terms of the GNU General Public License.
For more information about these matters, see the file named COPYING
or type the command `info -f g77 Copying'.
configure:5251: $? = 0
configure:5253: g77 -v </dev/null >&5
Reading specs from /usr/lib/gcc-lib/i686-pc-linux-gnu/3.3.4/specs
Configured with: /var/tmp/portage/gcc-3.3.4-r1/work/gcc-3.3.4/configure --prefix=/usr --bindir=/usr/i686-pc-linux-gnu/gcc-bin/3.3 --includedir=/usr/lib/gcc-lib/i686-pc-linux-gnu/3.3.4/include --datadir=/usr/share/gcc-data/i686-pc-linux-gnu/3.3 --mandir=/usr/share/gcc-data/i686-pc-linux-gnu/3.3/man --infodir=/usr/share/gcc-data/i686-pc-linux-gnu/3.3/info --enable-shared --host=i686-pc-linux-gnu --target=i686-pc-linux-gnu --with-system-zlib --enable-languages=c,c++,f77 --enable-threads=posix --enable-long-long --disable-checking --disable-libunwind-exceptions --enable-cstdio=stdio --enable-version-specific-runtime-libs --with-gxx-include-dir=/usr/lib/gcc-lib/i686-pc-linux-gnu/3.3.4/include/g++-v3 --with-local-prefix=/usr/local --enable-shared --enable-nls --without-included-gettext --disable-multilib --enable-__cxa_atexit --enable-clocale=generic
Thread model: posix
gcc version 3.3.4 20040623 (Gentoo Linux 3.3.4-r1, ssp-3.3.2-2, pie-8.7.6)
configure:5256: $? = 0
configure:5258: g77 -V </dev/null >&5
g77: `-V' option must have argument
configure:5261: $? = 1
configure:5269: checking whether we are using the GNU Fortran 77 compiler
configure:5283: g77 -c  conftest.F >&5
configure:5289: $? = 0
configure:5293: test -z 
			 || test ! -s conftest.err
configure:5296: $? = 0
configure:5299: test -s conftest.o
configure:5302: $? = 0
configure:5315: result: yes
configure:5321: checking whether g77 accepts -g
configure:5333: g77 -c -g conftest.f >&5
configure:5339: $? = 0
configure:5343: test -z 
			 || test ! -s conftest.err
configure:5346: $? = 0
configure:5349: test -s conftest.o
configure:5352: $? = 0
configure:5364: result: yes
configure:5394: checking the maximum length of command line arguments
configure:5459: result: 32768
configure:5470: checking command to parse /usr/bin/nm -B output from gcc object
configure:5559: gcc -c -g -O2  conftest.c >&5
configure:5562: $? = 0
configure:5566: /usr/bin/nm -B conftest.o \| sed -n -e 's/^.*[ 	]\([ABCDGIRSTW][ABCDGIRSTW]*\)[ 	][ 	]*\(\)\([_A-Za-z][_A-Za-z0-9]*\)$/\1 \2\3 \3/p' \> conftest.nm
configure:5569: $? = 0
configure:5621: gcc -o conftest -g -O2   conftest.c conftstm.o >&5
configure:5624: $? = 0
configure:5662: result: ok
configure:5666: checking for objdir
configure:5681: result: .libs
configure:5771: checking for ar
configure:5787: found /usr/bin/ar
configure:5798: result: ar
configure:5851: checking for ranlib
configure:5867: found /usr/bin/ranlib
configure:5878: result: ranlib
configure:5931: checking for strip
configure:5947: found /usr/bin/strip
configure:5958: result: strip
configure:6220: checking if gcc static flag  works
configure:6243: result: yes
configure:6261: checking if gcc supports -fno-rtti -fno-exceptions
configure:6279: gcc -c -g -O2  -fno-rtti -fno-exceptions conftest.c >&5
cc1: warning: "-fno-rtti" is valid for C++ but not for C/ObjC
configure:6283: $? = 0
configure:6294: result: no
configure:6309: checking for gcc option to produce PIC
configure:6486: result: -fPIC
configure:6494: checking if gcc PIC flag -fPIC works
configure:6512: gcc -c -g -O2  -fPIC -DPIC conftest.c >&5
configure:6516: $? = 0
configure:6527: result: yes
configure:6551: checking if gcc supports -c -o file.o
configure:6572: gcc -c -g -O2  -o out/conftest2.o conftest.c >&5
configure:6576: $? = 0
configure:6596: result: yes
configure:6622: checking whether the gcc linker (/usr/i686-pc-linux-gnu/bin/ld) supports shared libraries
configure:7470: result: yes
configure:7496: checking whether -lc should be explicitly linked in
configure:7501: gcc -c -g -O2  conftest.c >&5
configure:7504: $? = 0
configure:7518: gcc -shared conftest.o  -v -Wl,-soname -Wl,conftest -o conftest 2\>\&1 \| grep  -lc  \>/dev/null 2\>\&1
configure:7521: $? = 0
configure:7533: result: no
configure:7541: checking dynamic linker characteristics
configure:8136: result: GNU/Linux ld.so
configure:8140: checking how to hardcode library paths into programs
configure:8165: result: immediate
configure:8179: checking whether stripping libraries is possible
configure:8184: result: yes
configure:9014: checking if libtool supports shared libraries
configure:9016: result: yes
configure:9019: checking whether to build shared libraries
configure:9077: result: yes
configure:9080: checking whether to build static libraries
configure:9084: result: yes
configure:9176: creating libtool
configure:9723: checking for ld used by g++
configure:9790: result: /usr/i686-pc-linux-gnu/bin/ld
configure:9799: checking if the linker (/usr/i686-pc-linux-gnu/bin/ld) is GNU ld
configure:9814: result: yes
configure:9865: checking whether the g++ linker (/usr/i686-pc-linux-gnu/bin/ld) supports shared libraries
configure:10693: result: yes
configure:10711: g++ -c -g -O2  conftest.cc >&5
configure:10714: $? = 0
configure:10810: checking for g++ option to produce PIC
configure:11062: result: -fPIC
configure:11070: checking if g++ PIC flag -fPIC works
configure:11088: g++ -c -g -O2  -fPIC -DPIC conftest.cc >&5
configure:11092: $? = 0
configure:11103: result: yes
configure:11127: checking if g++ supports -c -o file.o
configure:11148: g++ -c -g -O2  -o out/conftest2.o conftest.cc >&5
configure:11152: $? = 0
configure:11172: result: yes
configure:11198: checking whether the g++ linker (/usr/i686-pc-linux-gnu/bin/ld) supports shared libraries
configure:11223: result: yes
configure:11294: checking dynamic linker characteristics
configure:11889: result: GNU/Linux ld.so
configure:11893: checking how to hardcode library paths into programs
configure:11918: result: immediate
configure:11932: checking whether stripping libraries is possible
configure:11937: result: yes
configure:13244: checking if libtool supports shared libraries
configure:13246: result: yes
configure:13249: checking whether to build shared libraries
configure:13267: result: yes
configure:13270: checking whether to build static libraries
configure:13274: result: yes
configure:13286: checking for g77 option to produce PIC
configure:13463: result: -fPIC
configure:13471: checking if g77 PIC flag -fPIC works
configure:13489: g77 -c -g -O2 -fPIC conftest.f >&5
configure:13493: $? = 0
configure:13504: result: yes
configure:13528: checking if g77 supports -c -o file.o
configure:13549: g77 -c -g -O2 -o out/conftest2.o conftest.f >&5
configure:13553: $? = 0
configure:13573: result: yes
configure:13599: checking whether the g77 linker (/usr/i686-pc-linux-gnu/bin/ld) supports shared libraries
configure:14427: result: yes
configure:14498: checking dynamic linker characteristics
configure:15093: result: GNU/Linux ld.so
configure:15097: checking how to hardcode library paths into programs
configure:15122: result: immediate
configure:15136: checking whether stripping libraries is possible
configure:15141: result: yes
configure:19307: checking for working alloca.h
configure:19328: gcc -o conftest -g -O2   conftest.c  >&5
configure:19334: $? = 0
configure:19338: test -z 
			 || test ! -s conftest.err
configure:19341: $? = 0
configure:19344: test -s conftest
configure:19347: $? = 0
configure:19359: result: yes
configure:19369: checking for alloca
configure:19410: gcc -o conftest -g -O2   conftest.c  >&5
configure:19416: $? = 0
configure:19420: test -z 
			 || test ! -s conftest.err
configure:19423: $? = 0
configure:19426: test -s conftest
configure:19429: $? = 0
configure:19441: result: yes
configure:19672: checking for dirent.h that defines DIR
configure:19696: gcc -c -g -O2  conftest.c >&5
configure:19702: $? = 0
configure:19706: test -z 
			 || test ! -s conftest.err
configure:19709: $? = 0
configure:19712: test -s conftest.o
configure:19715: $? = 0
configure:19726: result: yes
configure:19739: checking for library containing opendir
configure:19769: gcc -o conftest -g -O2   conftest.c  >&5
configure:19775: $? = 0
configure:19779: test -z 
			 || test ! -s conftest.err
configure:19782: $? = 0
configure:19785: test -s conftest
configure:19788: $? = 0
configure:19858: result: none required
configure:19994: checking for ANSI C header files
configure:20150: result: yes
configure:20160: checking for sys/wait.h that is POSIX.1 compatible
configure:20191: gcc -c -g -O2  conftest.c >&5
configure:20197: $? = 0
configure:20201: test -z 
			 || test ! -s conftest.err
configure:20204: $? = 0
configure:20207: test -s conftest.o
configure:20210: $? = 0
configure:20221: result: yes
configure:20256: checking fcntl.h usability
configure:20268: gcc -c -g -O2  conftest.c >&5
configure:20274: $? = 0
configure:20278: test -z 
			 || test ! -s conftest.err
configure:20281: $? = 0
configure:20284: test -s conftest.o
configure:20287: $? = 0
configure:20297: result: yes
configure:20301: checking fcntl.h presence
configure:20311: gcc -E  conftest.c
configure:20317: $? = 0
configure:20337: result: yes
configure:20372: checking for fcntl.h
configure:20379: result: yes
configure:20256: checking limits.h usability
configure:20268: gcc -c -g -O2  conftest.c >&5
configure:20274: $? = 0
configure:20278: test -z 
			 || test ! -s conftest.err
configure:20281: $? = 0
configure:20284: test -s conftest.o
configure:20287: $? = 0
configure:20297: result: yes
configure:20301: checking limits.h presence
configure:20311: gcc -E  conftest.c
configure:20317: $? = 0
configure:20337: result: yes
configure:20372: checking for limits.h
configure:20379: result: yes
configure:20247: checking for memory.h
configure:20252: result: yes
configure:20256: checking stddef.h usability
configure:20268: gcc -c -g -O2  conftest.c >&5
configure:20274: $? = 0
configure:20278: test -z 
			 || test ! -s conftest.err
configure:20281: $? = 0
configure:20284: test -s conftest.o
configure:20287: $? = 0
configure:20297: result: yes
configure:20301: checking stddef.h presence
configure:20311: gcc -E  conftest.c
configure:20317: $? = 0
configure:20337: result: yes
configure:20372: checking for stddef.h
configure:20379: result: yes
configure:20247: checking for stdlib.h
configure:20252: result: yes
configure:20247: checking for string.h
configure:20252: result: yes
configure:20247: checking for strings.h
configure:20252: result: yes
configure:20256: checking sys/file.h usability
configure:20268: gcc -c -g -O2  conftest.c >&5
configure:20274: $? = 0
configure:20278: test -z 
			 || test ! -s conftest.err
configure:20281: $? = 0
configure:20284: test -s conftest.o
configure:20287: $? = 0
configure:20297: result: yes
configure:20301: checking sys/file.h presence
configure:20311: gcc -E  conftest.c
configure:20317: $? = 0
configure:20337: result: yes
configure:20372: checking for sys/file.h
configure:20379: result: yes
configure:20256: checking sys/param.h usability
configure:20268: gcc -c -g -O2  conftest.c >&5
configure:20274: $? = 0
configure:20278: test -z 
			 || test ! -s conftest.err
configure:20281: $? = 0
configure:20284: test -s conftest.o
configure:20287: $? = 0
configure:20297: result: yes
configure:20301: checking sys/param.h presence
configure:20311: gcc -E  conftest.c
configure:20317: $? = 0
configure:20337: result: yes
configure:20372: checking for sys/param.h
configure:20379: result: yes
configure:20256: checking sys/time.h usability
configure:20268: gcc -c -g -O2  conftest.c >&5
configure:20274: $? = 0
configure:20278: test -z 
			 || test ! -s conftest.err
configure:20281: $? = 0
configure:20284: test -s conftest.o
configure:20287: $? = 0
configure:20297: result: yes
configure:20301: checking sys/time.h presence
configure:20311: gcc -E  conftest.c
configure:20317: $? = 0
configure:20337: result: yes
configure:20372: checking for sys/time.h
configure:20379: result: yes
configure:20247: checking for unistd.h
configure:20252: result: yes
configure:20256: checking utime.h usability
configure:20268: gcc -c -g -O2  conftest.c >&5
configure:20274: $? = 0
configure:20278: test -z 
			 || test ! -s conftest.err
configure:20281: $? = 0
configure:20284: test -s conftest.o
configure:20287: $? = 0
configure:20297: result: yes
configure:20301: checking utime.h presence
configure:20311: gcc -E  conftest.c
configure:20317: $? = 0
configure:20337: result: yes
configure:20372: checking for utime.h
configure:20379: result: yes
configure:20394: checking for an ANSI C-conforming const
configure:20461: gcc -c -g -O2  conftest.c >&5
configure:20467: $? = 0
configure:20471: test -z 
			 || test ! -s conftest.err
configure:20474: $? = 0
configure:20477: test -s conftest.o
configure:20480: $? = 0
configure:20491: result: yes
configure:20501: checking for uid_t in sys/types.h
configure:20524: result: yes
configure:20539: checking for mode_t
configure:20563: gcc -c -g -O2  conftest.c >&5
configure:20569: $? = 0
configure:20573: test -z 
			 || test ! -s conftest.err
configure:20576: $? = 0
configure:20579: test -s conftest.o
configure:20582: $? = 0
configure:20593: result: yes
configure:20605: checking for size_t
configure:20629: gcc -c -g -O2  conftest.c >&5
configure:20635: $? = 0
configure:20639: test -z 
			 || test ! -s conftest.err
configure:20642: $? = 0
configure:20645: test -s conftest.o
configure:20648: $? = 0
configure:20659: result: yes
configure:20671: checking for ptrdiff_t
configure:20695: gcc -c -g -O2  conftest.c >&5
configure:20701: $? = 0
configure:20705: test -z 
			 || test ! -s conftest.err
configure:20708: $? = 0
configure:20711: test -s conftest.o
configure:20714: $? = 0
configure:20725: result: yes
configure:20743: checking for unistd.h
configure:20748: result: yes
configure:20888: checking for working chown
configure:20927: gcc -o conftest -g -O2   conftest.c  >&5
configure:20930: $? = 0
configure:20932: ./conftest
configure:20935: $? = 0
configure:20951: result: yes
configure:20961: checking for pid_t
configure:20985: gcc -c -g -O2  conftest.c >&5
configure:20991: $? = 0
configure:20995: test -z 
			 || test ! -s conftest.err
configure:20998: $? = 0
configure:21001: test -s conftest.o
configure:21004: $? = 0
configure:21015: result: yes
configure:21033: checking for unistd.h
configure:21038: result: yes
configure:21042: checking vfork.h usability
configure:21054: gcc -c -g -O2  conftest.c >&5
conftest.c:80:19: vfork.h: No such file or directory
configure:21060: $? = 1
configure: failed program was:
| /* confdefs.h.  */
| 
| #define PACKAGE_NAME "sandbox"
| #define PACKAGE_TARNAME "sandbox"
| #define PACKAGE_VERSION "1.1"
| #define PACKAGE_STRING "sandbox 1.1"
| #define PACKAGE_BUGREPORT "dev-portage@gentoo.org"
| #define PACKAGE "sandbox"
| #define VERSION "1.1"
| #define STDC_HEADERS 1
| #define HAVE_SYS_TYPES_H 1
| #define HAVE_SYS_STAT_H 1
| #define HAVE_STDLIB_H 1
| #define HAVE_STRING_H 1
| #define HAVE_MEMORY_H 1
| #define HAVE_STRINGS_H 1
| #define HAVE_INTTYPES_H 1
| #define HAVE_STDINT_H 1
| #define HAVE_UNISTD_H 1
| #define HAVE_DLFCN_H 1
| #ifdef __cplusplus
| extern "C" void std::exit (int) throw (); using std::exit;
| #endif
| #define HAVE_ALLOCA_H 1
| #define HAVE_ALLOCA 1
| #define HAVE_DIRENT_H 1
| #define STDC_HEADERS 1
| #define HAVE_SYS_WAIT_H 1
| #define HAVE_FCNTL_H 1
| #define HAVE_LIMITS_H 1
| #define HAVE_MEMORY_H 1
| #define HAVE_STDDEF_H 1
| #define HAVE_STDLIB_H 1
| #define HAVE_STRING_H 1
| #define HAVE_STRINGS_H 1
| #define HAVE_SYS_FILE_H 1
| #define HAVE_SYS_PARAM_H 1
| #define HAVE_SYS_TIME_H 1
| #define HAVE_UNISTD_H 1
| #define HAVE_UTIME_H 1
| #define HAVE_PTRDIFF_T 1
| #define HAVE_UNISTD_H 1
| #define HAVE_CHOWN 1
| #define HAVE_UNISTD_H 1
| /* end confdefs.h.  */
| #include <stdio.h>
| #if HAVE_SYS_TYPES_H
| # include <sys/types.h>
| #endif
| #if HAVE_SYS_STAT_H
| # include <sys/stat.h>
| #endif
| #if STDC_HEADERS
| # include <stdlib.h>
| # include <stddef.h>
| #else
| # if HAVE_STDLIB_H
| #  include <stdlib.h>
| # endif
| #endif
| #if HAVE_STRING_H
| # if !STDC_HEADERS && HAVE_MEMORY_H
| #  include <memory.h>
| # endif
| # include <string.h>
| #endif
| #if HAVE_STRINGS_H
| # include <strings.h>
| #endif
| #if HAVE_INTTYPES_H
| # include <inttypes.h>
| #else
| # if HAVE_STDINT_H
| #  include <stdint.h>
| # endif
| #endif
| #if HAVE_UNISTD_H
| # include <unistd.h>
| #endif
| #include <vfork.h>
configure:21083: result: no
configure:21087: checking vfork.h presence
configure:21097: gcc -E  conftest.c
conftest.c:46:19: vfork.h: No such file or directory
configure:21103: $? = 1
configure: failed program was:
| /* confdefs.h.  */
| 
| #define PACKAGE_NAME "sandbox"
| #define PACKAGE_TARNAME "sandbox"
| #define PACKAGE_VERSION "1.1"
| #define PACKAGE_STRING "sandbox 1.1"
| #define PACKAGE_BUGREPORT "dev-portage@gentoo.org"
| #define PACKAGE "sandbox"
| #define VERSION "1.1"
| #define STDC_HEADERS 1
| #define HAVE_SYS_TYPES_H 1
| #define HAVE_SYS_STAT_H 1
| #define HAVE_STDLIB_H 1
| #define HAVE_STRING_H 1
| #define HAVE_MEMORY_H 1
| #define HAVE_STRINGS_H 1
| #define HAVE_INTTYPES_H 1
| #define HAVE_STDINT_H 1
| #define HAVE_UNISTD_H 1
| #define HAVE_DLFCN_H 1
| #ifdef __cplusplus
| extern "C" void std::exit (int) throw (); using std::exit;
| #endif
| #define HAVE_ALLOCA_H 1
| #define HAVE_ALLOCA 1
| #define HAVE_DIRENT_H 1
| #define STDC_HEADERS 1
| #define HAVE_SYS_WAIT_H 1
| #define HAVE_FCNTL_H 1
| #define HAVE_LIMITS_H 1
| #define HAVE_MEMORY_H 1
| #define HAVE_STDDEF_H 1
| #define HAVE_STDLIB_H 1
| #define HAVE_STRING_H 1
| #define HAVE_STRINGS_H 1
| #define HAVE_SYS_FILE_H 1
| #define HAVE_SYS_PARAM_H 1
| #define HAVE_SYS_TIME_H 1
| #define HAVE_UNISTD_H 1
| #define HAVE_UTIME_H 1
| #define HAVE_PTRDIFF_T 1
| #define HAVE_UNISTD_H 1
| #define HAVE_CHOWN 1
| #define HAVE_UNISTD_H 1
| /* end confdefs.h.  */
| #include <vfork.h>
configure:21123: result: no
configure:21158: checking for vfork.h
configure:21165: result: no
configure:21183: checking for fork
configure:21240: gcc -o conftest -g -O2   conftest.c  >&5
configure:21246: $? = 0
configure:21250: test -z 
			 || test ! -s conftest.err
configure:21253: $? = 0
configure:21256: test -s conftest
configure:21259: $? = 0
configure:21271: result: yes
configure:21183: checking for vfork
configure:21240: gcc -o conftest -g -O2   conftest.c  >&5
configure:21246: $? = 0
configure:21250: test -z 
			 || test ! -s conftest.err
configure:21253: $? = 0
configure:21256: test -s conftest
configure:21259: $? = 0
configure:21271: result: yes
configure:21282: checking for working fork
configure:21305: gcc -o conftest -g -O2   conftest.c  >&5
configure:21308: $? = 0
configure:21310: ./conftest
configure:21313: $? = 0
configure:21327: result: yes
configure:21348: checking for working vfork
configure:21481: result: yes
configure:21512: checking whether lstat dereferences a symlink specified with a trailing slash
configure:21543: gcc -o conftest -g -O2   conftest.c  >&5
configure:21546: $? = 0
configure:21548: ./conftest
configure:21551: $? = 0
configure:21572: result: yes
configure:21593: checking whether lstat accepts an empty string
configure:21618: gcc -o conftest -g -O2   conftest.c  >&5
configure:21621: $? = 0
configure:21623: ./conftest
configure:21626: $? = 1
configure: program exited with status 1
configure: failed program was:
| /* confdefs.h.  */
| 
| #define PACKAGE_NAME "sandbox"
| #define PACKAGE_TARNAME "sandbox"
| #define PACKAGE_VERSION "1.1"
| #define PACKAGE_STRING "sandbox 1.1"
| #define PACKAGE_BUGREPORT "dev-portage@gentoo.org"
| #define PACKAGE "sandbox"
| #define VERSION "1.1"
| #define STDC_HEADERS 1
| #define HAVE_SYS_TYPES_H 1
| #define HAVE_SYS_STAT_H 1
| #define HAVE_STDLIB_H 1
| #define HAVE_STRING_H 1
| #define HAVE_MEMORY_H 1
| #define HAVE_STRINGS_H 1
| #define HAVE_INTTYPES_H 1
| #define HAVE_STDINT_H 1
| #define HAVE_UNISTD_H 1
| #define HAVE_DLFCN_H 1
| #ifdef __cplusplus
| extern "C" void std::exit (int) throw (); using std::exit;
| #endif
| #define HAVE_ALLOCA_H 1
| #define HAVE_ALLOCA 1
| #define HAVE_DIRENT_H 1
| #define STDC_HEADERS 1
| #define HAVE_SYS_WAIT_H 1
| #define HAVE_FCNTL_H 1
| #define HAVE_LIMITS_H 1
| #define HAVE_MEMORY_H 1
| #define HAVE_STDDEF_H 1
| #define HAVE_STDLIB_H 1
| #define HAVE_STRING_H 1
| #define HAVE_STRINGS_H 1
| #define HAVE_SYS_FILE_H 1
| #define HAVE_SYS_PARAM_H 1
| #define HAVE_SYS_TIME_H 1
| #define HAVE_UNISTD_H 1
| #define HAVE_UTIME_H 1
| #define HAVE_PTRDIFF_T 1
| #define HAVE_UNISTD_H 1
| #define HAVE_CHOWN 1
| #define HAVE_UNISTD_H 1
| #define HAVE_FORK 1
| #define HAVE_VFORK 1
| #define HAVE_WORKING_VFORK 1
| #define HAVE_WORKING_FORK 1
| #define LSTAT_FOLLOWS_SLASHED_SYMLINK 1
| /* end confdefs.h.  */
| #include <stdio.h>
| #if HAVE_SYS_TYPES_H
| # include <sys/types.h>
| #endif
| #if HAVE_SYS_STAT_H
| # include <sys/stat.h>
| #endif
| #if STDC_HEADERS
| # include <stdlib.h>
| # include <stddef.h>
| #else
| # if HAVE_STDLIB_H
| #  include <stdlib.h>
| # endif
| #endif
| #if HAVE_STRING_H
| # if !STDC_HEADERS && HAVE_MEMORY_H
| #  include <memory.h>
| # endif
| # include <string.h>
| #endif
| #if HAVE_STRINGS_H
| # include <strings.h>
| #endif
| #if HAVE_INTTYPES_H
| # include <inttypes.h>
| #else
| # if HAVE_STDINT_H
| #  include <stdint.h>
| # endif
| #endif
| #if HAVE_UNISTD_H
| # include <unistd.h>
| #endif
| int
| main ()
| {
| struct stat sbuf;
|   exit (lstat ("", &sbuf) ? 1 : 0);
|   ;
|   return 0;
| }
configure:21640: result: no
configure:21658: checking whether lstat dereferences a symlink specified with a trailing slash
configure:21718: result: yes
configure:21744: checking for stdlib.h
configure:21749: result: yes
configure:21889: checking for GNU libc compatible malloc
configure:21918: gcc -o conftest -g -O2   conftest.c  >&5
configure:21921: $? = 0
configure:21923: ./conftest
configure:21926: $? = 0
configure:21940: result: yes
configure:21975: checking for stdlib.h
configure:21980: result: yes
configure:22120: checking for GNU libc compatible realloc
configure:22149: gcc -o conftest -g -O2   conftest.c  >&5
configure:22152: $? = 0
configure:22154: ./conftest
configure:22157: $? = 0
configure:22171: result: yes
configure:22201: checking return type of signal handlers
configure:22232: gcc -c -g -O2  conftest.c >&5
configure:22238: $? = 0
configure:22242: test -z 
			 || test ! -s conftest.err
configure:22245: $? = 0
configure:22248: test -s conftest.o
configure:22251: $? = 0
configure:22262: result: void
configure:22270: checking whether stat accepts an empty string
configure:22295: gcc -o conftest -g -O2   conftest.c  >&5
configure:22298: $? = 0
configure:22300: ./conftest
configure:22303: $? = 1
configure: program exited with status 1
configure: failed program was:
| /* confdefs.h.  */
| 
| #define PACKAGE_NAME "sandbox"
| #define PACKAGE_TARNAME "sandbox"
| #define PACKAGE_VERSION "1.1"
| #define PACKAGE_STRING "sandbox 1.1"
| #define PACKAGE_BUGREPORT "dev-portage@gentoo.org"
| #define PACKAGE "sandbox"
| #define VERSION "1.1"
| #define STDC_HEADERS 1
| #define HAVE_SYS_TYPES_H 1
| #define HAVE_SYS_STAT_H 1
| #define HAVE_STDLIB_H 1
| #define HAVE_STRING_H 1
| #define HAVE_MEMORY_H 1
| #define HAVE_STRINGS_H 1
| #define HAVE_INTTYPES_H 1
| #define HAVE_STDINT_H 1
| #define HAVE_UNISTD_H 1
| #define HAVE_DLFCN_H 1
| #ifdef __cplusplus
| extern "C" void std::exit (int) throw (); using std::exit;
| #endif
| #define HAVE_ALLOCA_H 1
| #define HAVE_ALLOCA 1
| #define HAVE_DIRENT_H 1
| #define STDC_HEADERS 1
| #define HAVE_SYS_WAIT_H 1
| #define HAVE_FCNTL_H 1
| #define HAVE_LIMITS_H 1
| #define HAVE_MEMORY_H 1
| #define HAVE_STDDEF_H 1
| #define HAVE_STDLIB_H 1
| #define HAVE_STRING_H 1
| #define HAVE_STRINGS_H 1
| #define HAVE_SYS_FILE_H 1
| #define HAVE_SYS_PARAM_H 1
| #define HAVE_SYS_TIME_H 1
| #define HAVE_UNISTD_H 1
| #define HAVE_UTIME_H 1
| #define HAVE_PTRDIFF_T 1
| #define HAVE_UNISTD_H 1
| #define HAVE_CHOWN 1
| #define HAVE_UNISTD_H 1
| #define HAVE_FORK 1
| #define HAVE_VFORK 1
| #define HAVE_WORKING_VFORK 1
| #define HAVE_WORKING_FORK 1
| #define LSTAT_FOLLOWS_SLASHED_SYMLINK 1
| #define LSTAT_FOLLOWS_SLASHED_SYMLINK 1
| #define HAVE_STDLIB_H 1
| #define HAVE_MALLOC 1
| #define HAVE_STDLIB_H 1
| #define HAVE_REALLOC 1
| #define RETSIGTYPE void
| /* end confdefs.h.  */
| #include <stdio.h>
| #if HAVE_SYS_TYPES_H
| # include <sys/types.h>
| #endif
| #if HAVE_SYS_STAT_H
| # include <sys/stat.h>
| #endif
| #if STDC_HEADERS
| # include <stdlib.h>
| # include <stddef.h>
| #else
| # if HAVE_STDLIB_H
| #  include <stdlib.h>
| # endif
| #endif
| #if HAVE_STRING_H
| # if !STDC_HEADERS && HAVE_MEMORY_H
| #  include <memory.h>
| # endif
| # include <string.h>
| #endif
| #if HAVE_STRINGS_H
| # include <strings.h>
| #endif
| #if HAVE_INTTYPES_H
| # include <inttypes.h>
| #else
| # if HAVE_STDINT_H
| #  include <stdint.h>
| # endif
| #endif
| #if HAVE_UNISTD_H
| # include <unistd.h>
| #endif
| int
| main ()
| {
| struct stat sbuf;
|   exit (stat ("", &sbuf) ? 1 : 0);
|   ;
|   return 0;
| }
configure:22317: result: no
configure:22358: checking for bzero
configure:22415: gcc -o conftest -g -O2   conftest.c  >&5
conftest.c:81: warning: conflicting types for built-in function `bzero'
configure:22421: $? = 0
configure:22425: test -z 
			 || test ! -s conftest.err
configure:22428: $? = 0
configure:22431: test -s conftest
configure:22434: $? = 0
configure:22446: result: yes
configure:22358: checking for ftruncate
configure:22415: gcc -o conftest -g -O2   conftest.c  >&5
configure:22421: $? = 0
configure:22425: test -z 
			 || test ! -s conftest.err
configure:22428: $? = 0
configure:22431: test -s conftest
configure:22434: $? = 0
configure:22446: result: yes
configure:22358: checking for getcwd
configure:22415: gcc -o conftest -g -O2   conftest.c  >&5
configure:22421: $? = 0
configure:22425: test -z 
			 || test ! -s conftest.err
configure:22428: $? = 0
configure:22431: test -s conftest
configure:22434: $? = 0
configure:22446: result: yes
configure:22358: checking for lchown
configure:22415: gcc -o conftest -g -O2   conftest.c  >&5
configure:22421: $? = 0
configure:22425: test -z 
			 || test ! -s conftest.err
configure:22428: $? = 0
configure:22431: test -s conftest
configure:22434: $? = 0
configure:22446: result: yes
configure:22358: checking for memmove
configure:22415: gcc -o conftest -g -O2   conftest.c  >&5
conftest.c:85: warning: conflicting types for built-in function `memmove'
configure:22421: $? = 0
configure:22425: test -z 
			 || test ! -s conftest.err
configure:22428: $? = 0
configure:22431: test -s conftest
configure:22434: $? = 0
configure:22446: result: yes
configure:22358: checking for mempcpy
configure:22415: gcc -o conftest -g -O2   conftest.c  >&5
conftest.c:86: warning: conflicting types for built-in function `mempcpy'
configure:22421: $? = 0
configure:22425: test -z 
			 || test ! -s conftest.err
configure:22428: $? = 0
configure:22431: test -s conftest
configure:22434: $? = 0
configure:22446: result: yes
configure:22358: checking for memset
configure:22415: gcc -o conftest -g -O2   conftest.c  >&5
conftest.c:87: warning: conflicting types for built-in function `memset'
configure:22421: $? = 0
configure:22425: test -z 
			 || test ! -s conftest.err
configure:22428: $? = 0
configure:22431: test -s conftest
configure:22434: $? = 0
configure:22446: result: yes
configure:22358: checking for mkdir
configure:22415: gcc -o conftest -g -O2   conftest.c  >&5
configure:22421: $? = 0
configure:22425: test -z 
			 || test ! -s conftest.err
configure:22428: $? = 0
configure:22431: test -s conftest
configure:22434: $? = 0
configure:22446: result: yes
configure:22358: checking for pathconf
configure:22415: gcc -o conftest -g -O2   conftest.c  >&5
configure:22421: $? = 0
configure:22425: test -z 
			 || test ! -s conftest.err
configure:22428: $? = 0
configure:22431: test -s conftest
configure:22434: $? = 0
configure:22446: result: yes
configure:22358: checking for realpath
configure:22415: gcc -o conftest -g -O2   conftest.c  >&5
configure:22421: $? = 0
configure:22425: test -z 
			 || test ! -s conftest.err
configure:22428: $? = 0
configure:22431: test -s conftest
configure:22434: $? = 0
configure:22446: result: yes
configure:22358: checking for rmdir
configure:22415: gcc -o conftest -g -O2   conftest.c  >&5
configure:22421: $? = 0
configure:22425: test -z 
			 || test ! -s conftest.err
configure:22428: $? = 0
configure:22431: test -s conftest
configure:22434: $? = 0
configure:22446: result: yes
configure:22358: checking for setenv
configure:22415: gcc -o conftest -g -O2   conftest.c  >&5
configure:22421: $? = 0
configure:22425: test -z 
			 || test ! -s conftest.err
configure:22428: $? = 0
configure:22431: test -s conftest
configure:22434: $? = 0
configure:22446: result: yes
configure:22358: checking for strcasecmp
configure:22415: gcc -o conftest -g -O2   conftest.c  >&5
configure:22421: $? = 0
configure:22425: test -z 
			 || test ! -s conftest.err
configure:22428: $? = 0
configure:22431: test -s conftest
configure:22434: $? = 0
configure:22446: result: yes
configure:22358: checking for strchr
configure:22415: gcc -o conftest -g -O2   conftest.c  >&5
conftest.c:94: warning: conflicting types for built-in function `strchr'
configure:22421: $? = 0
configure:22425: test -z 
			 || test ! -s conftest.err
configure:22428: $? = 0
configure:22431: test -s conftest
configure:22434: $? = 0
configure:22446: result: yes
configure:22358: checking for strdup
configure:22415: gcc -o conftest -g -O2   conftest.c  >&5
configure:22421: $? = 0
configure:22425: test -z 
			 || test ! -s conftest.err
configure:22428: $? = 0
configure:22431: test -s conftest
configure:22434: $? = 0
configure:22446: result: yes
configure:22358: checking for strerror
configure:22415: gcc -o conftest -g -O2   conftest.c  >&5
configure:22421: $? = 0
configure:22425: test -z 
			 || test ! -s conftest.err
configure:22428: $? = 0
configure:22431: test -s conftest
configure:22434: $? = 0
configure:22446: result: yes
configure:22358: checking for strndup
configure:22415: gcc -o conftest -g -O2   conftest.c  >&5
configure:22421: $? = 0
configure:22425: test -z 
			 || test ! -s conftest.err
configure:22428: $? = 0
configure:22431: test -s conftest
configure:22434: $? = 0
configure:22446: result: yes
configure:22358: checking for strrchr
configure:22415: gcc -o conftest -g -O2   conftest.c  >&5
conftest.c:98: warning: conflicting types for built-in function `strrchr'
configure:22421: $? = 0
configure:22425: test -z 
			 || test ! -s conftest.err
configure:22428: $? = 0
configure:22431: test -s conftest
configure:22434: $? = 0
configure:22446: result: yes
configure:22358: checking for strspn
configure:22415: gcc -o conftest -g -O2   conftest.c  >&5
conftest.c:99: warning: conflicting types for built-in function `strspn'
configure:22421: $? = 0
configure:22425: test -z 
			 || test ! -s conftest.err
configure:22428: $? = 0
configure:22431: test -s conftest
configure:22434: $? = 0
configure:22446: result: yes
configure:22358: checking for strstr
configure:22415: gcc -o conftest -g -O2   conftest.c  >&5
conftest.c:100: warning: conflicting types for built-in function `strstr'
configure:22421: $? = 0
configure:22425: test -z 
			 || test ! -s conftest.err
configure:22428: $? = 0
configure:22431: test -s conftest
configure:22434: $? = 0
configure:22446: result: yes
configure:22575: creating ./config.status

## ---------------------- ##
## Running config.status. ##
## ---------------------- ##

This file was extended by sandbox config.status 1.1, which was
generated by GNU Autoconf 2.59.  Invocation command line was

  CONFIG_FILES    = 
  CONFIG_HEADERS  = 
  CONFIG_LINKS    = 
  CONFIG_COMMANDS = 
  $ ./config.status 

on everest

config.status:713: creating Makefile
config.status:817: creating config.h
config.status:1045: config.h is unchanged
config.status:1225: executing depfiles commands

## ---------------- ##
## Cache variables. ##
## ---------------- ##

ac_cv_build=i686-pc-linux-gnu
ac_cv_build_alias=i686-pc-linux-gnu
ac_cv_c_compiler_gnu=yes
ac_cv_c_const=yes
ac_cv_cxx_compiler_gnu=yes
ac_cv_env_CC_set=set
ac_cv_env_CC_value=gcc
ac_cv_env_CFLAGS_set=
ac_cv_env_CFLAGS_value=
ac_cv_env_CPPFLAGS_set=
ac_cv_env_CPPFLAGS_value=
ac_cv_env_CPP_set=
ac_cv_env_CPP_value=
ac_cv_env_CXXCPP_set=
ac_cv_env_CXXCPP_value=
ac_cv_env_CXXFLAGS_set=
ac_cv_env_CXXFLAGS_value=
ac_cv_env_CXX_set=set
ac_cv_env_CXX_value=g++
ac_cv_env_F77_set=
ac_cv_env_F77_value=
ac_cv_env_FFLAGS_set=
ac_cv_env_FFLAGS_value=
ac_cv_env_LDFLAGS_set=
ac_cv_env_LDFLAGS_value=
ac_cv_env_build_alias_set=
ac_cv_env_build_alias_value=
ac_cv_env_host_alias_set=
ac_cv_env_host_alias_value=
ac_cv_env_target_alias_set=
ac_cv_env_target_alias_value=
ac_cv_exeext=
ac_cv_f77_compiler_gnu=yes
ac_cv_func_alloca_works=yes
ac_cv_func_bzero=yes
ac_cv_func_chown_works=yes
ac_cv_func_fork=yes
ac_cv_func_fork_works=yes
ac_cv_func_ftruncate=yes
ac_cv_func_getcwd=yes
ac_cv_func_lchown=yes
ac_cv_func_lstat_dereferences_slashed_symlink=yes
ac_cv_func_lstat_empty_string_bug=no
ac_cv_func_malloc_0_nonnull=yes
ac_cv_func_memmove=yes
ac_cv_func_mempcpy=yes
ac_cv_func_memset=yes
ac_cv_func_mkdir=yes
ac_cv_func_pathconf=yes
ac_cv_func_realloc_0_nonnull=yes
ac_cv_func_realpath=yes
ac_cv_func_rmdir=yes
ac_cv_func_setenv=yes
ac_cv_func_stat_empty_string_bug=no
ac_cv_func_strcasecmp=yes
ac_cv_func_strchr=yes
ac_cv_func_strdup=yes
ac_cv_func_strerror=yes
ac_cv_func_strndup=yes
ac_cv_func_strrchr=yes
ac_cv_func_strspn=yes
ac_cv_func_strstr=yes
ac_cv_func_vfork=yes
ac_cv_func_vfork_works=yes
ac_cv_header_dirent_dirent_h=yes
ac_cv_header_dlfcn_h=yes
ac_cv_header_fcntl_h=yes
ac_cv_header_inttypes_h=yes
ac_cv_header_limits_h=yes
ac_cv_header_memory_h=yes
ac_cv_header_stdc=yes
ac_cv_header_stddef_h=yes
ac_cv_header_stdint_h=yes
ac_cv_header_stdlib_h=yes
ac_cv_header_string_h=yes
ac_cv_header_strings_h=yes
ac_cv_header_sys_file_h=yes
ac_cv_header_sys_param_h=yes
ac_cv_header_sys_stat_h=yes
ac_cv_header_sys_time_h=yes
ac_cv_header_sys_types_h=yes
ac_cv_header_sys_wait_h=yes
ac_cv_header_unistd_h=yes
ac_cv_header_utime_h=yes
ac_cv_header_vfork_h=no
ac_cv_host=i686-pc-linux-gnu
ac_cv_host_alias=i686-pc-linux-gnu
ac_cv_objext=o
ac_cv_path_install='/bin/install -c'
ac_cv_prog_AWK=gawk
ac_cv_prog_CPP='gcc -E'
ac_cv_prog_CXXCPP='g++ -E'
ac_cv_prog_ac_ct_AR=ar
ac_cv_prog_ac_ct_CC=gcc
ac_cv_prog_ac_ct_F77=g77
ac_cv_prog_ac_ct_RANLIB=ranlib
ac_cv_prog_ac_ct_STRIP=strip
ac_cv_prog_cc_g=yes
ac_cv_prog_cc_stdc=
ac_cv_prog_cxx_g=yes
ac_cv_prog_egrep='grep -E'
ac_cv_prog_f77_g=yes
ac_cv_prog_make_make_set=yes
ac_cv_search_opendir='none required'
ac_cv_type_mode_t=yes
ac_cv_type_pid_t=yes
ac_cv_type_ptrdiff_t=yes
ac_cv_type_signal=void
ac_cv_type_size_t=yes
ac_cv_type_uid_t=yes
ac_cv_working_alloca_h=yes
am_cv_CC_dependencies_compiler_type=gcc3
am_cv_CXX_dependencies_compiler_type=gcc3
lt_cv_cc_64bit_output=no
lt_cv_deplibs_check_method=pass_all
lt_cv_file_magic_cmd='$MAGIC_CMD'
lt_cv_file_magic_test_file='/lib/libc.so.6 /lib/libc-2.3.4.so'
lt_cv_ld_reload_flag=-r
lt_cv_objdir=.libs
lt_cv_path_LD=/usr/i686-pc-linux-gnu/bin/ld
lt_cv_path_LDCXX=/usr/i686-pc-linux-gnu/bin/ld
lt_cv_path_NM='/usr/bin/nm -B'
lt_cv_path_SED=/bin/sed
lt_cv_prog_compiler_c_o=yes
lt_cv_prog_compiler_c_o_CXX=yes
lt_cv_prog_compiler_c_o_F77=yes
lt_cv_prog_compiler_rtti_exceptions=no
lt_cv_prog_gnu_ld=yes
lt_cv_prog_gnu_ldcxx=yes
lt_cv_sys_global_symbol_pipe='sed -n -e '\''s/^.*[ 	]\([ABCDGIRSTW][ABCDGIRSTW]*\)[ 	][ 	]*\(\)\([_A-Za-z][_A-Za-z0-9]*\)$/\1 \2\3 \3/p'\'''
lt_cv_sys_global_symbol_to_c_name_address='sed -n -e '\''s/^: \([^ ]*\) $/  {\"\1\", (lt_ptr) 0},/p'\'' -e '\''s/^[BCDEGRST] \([^ ]*\) \([^ ]*\)$/  {"\2", (lt_ptr) \&\2},/p'\'''
lt_cv_sys_global_symbol_to_cdecl='sed -n -e '\''s/^. .* \(.*\)$/extern int \1;/p'\'''
lt_cv_sys_max_cmd_len=32768
lt_lt_cv_prog_compiler_c_o='"yes"'
lt_lt_cv_prog_compiler_c_o_CXX='"yes"'
lt_lt_cv_prog_compiler_c_o_F77='"yes"'
lt_lt_cv_sys_global_symbol_pipe='"sed -n -e '\''s/^.*[ 	]\\([ABCDGIRSTW][ABCDGIRSTW]*\\)[ 	][ 	]*\\(\\)\\([_A-Za-z][_A-Za-z0-9]*\\)\$/\\1 \\2\\3 \\3/p'\''"'
lt_lt_cv_sys_global_symbol_to_c_name_address='"sed -n -e '\''s/^: \\([^ ]*\\) \$/  {\\\"\\1\\\", (lt_ptr) 0},/p'\'' -e '\''s/^[BCDEGRST] \\([^ ]*\\) \\([^ ]*\\)\$/  {\"\\2\", (lt_ptr) \\&\\2},/p'\''"'
lt_lt_cv_sys_global_symbol_to_cdecl='"sed -n -e '\''s/^. .* \\(.*\\)\$/extern int \\1;/p'\''"'

## ----------------- ##
## Output variables. ##
## ----------------- ##

ACLOCAL='${SHELL} /root/cvs/head/gentoo-src/sandbox-1.1/missing --run aclocal-1.8'
ALLOCA=''
AMDEPBACKSLASH='\'
AMDEP_FALSE='#'
AMDEP_TRUE=''
AMTAR='${SHELL} /root/cvs/head/gentoo-src/sandbox-1.1/missing --run tar'
AR='ar'
AUTOCONF='${SHELL} /root/cvs/head/gentoo-src/sandbox-1.1/missing --run autoconf'
AUTOHEADER='${SHELL} /root/cvs/head/gentoo-src/sandbox-1.1/missing --run autoheader'
AUTOMAKE='${SHELL} /root/cvs/head/gentoo-src/sandbox-1.1/missing --run automake-1.8'
AWK='gawk'
CC='gcc'
CCDEPMODE='depmode=gcc3'
CFLAGS='-g -O2'
CPP='gcc -E'
CPPFLAGS=''
CXX='g++'
CXXCPP='g++ -E'
CXXDEPMODE='depmode=gcc3'
CXXFLAGS='-g -O2'
CYGPATH_W='echo'
DEFS='-DHAVE_CONFIG_H'
DEPDIR='.deps'
ECHO='echo'
ECHO_C=''
ECHO_N='-n'
ECHO_T=''
EGREP='grep -E'
EXEEXT=''
F77='g77'
FFLAGS='-g -O2'
INSTALL_DATA='${INSTALL} -m 644'
INSTALL_PROGRAM='${INSTALL}'
INSTALL_SCRIPT='${INSTALL}'
INSTALL_STRIP_PROGRAM='${SHELL} $(install_sh) -c -s'
LDFLAGS=''
LIBOBJS=''
LIBS=''
LIBTOOL='$(SHELL) $(top_builddir)/libtool'
LN_S='ln -s'
LTLIBOBJS=''
MAKEINFO='${SHELL} /root/cvs/head/gentoo-src/sandbox-1.1/missing --run makeinfo'
OBJEXT='o'
PACKAGE='sandbox'
PACKAGE_BUGREPORT='dev-portage@gentoo.org'
PACKAGE_NAME='sandbox'
PACKAGE_STRING='sandbox 1.1'
PACKAGE_TARNAME='sandbox'
PACKAGE_VERSION='1.1'
PATH_SEPARATOR=':'
RANLIB='ranlib'
SET_MAKE=''
SHELL='/bin/sh'
STRIP='strip'
VERSION='1.1'
ac_ct_AR='ar'
ac_ct_CC='gcc'
ac_ct_CXX=''
ac_ct_F77='g77'
ac_ct_RANLIB='ranlib'
ac_ct_STRIP='strip'
am__fastdepCC_FALSE='#'
am__fastdepCC_TRUE=''
am__fastdepCXX_FALSE='#'
am__fastdepCXX_TRUE=''
am__include='include'
am__leading_dot='.'
am__quote=''
bindir='${exec_prefix}/bin'
build='i686-pc-linux-gnu'
build_alias=''
build_cpu='i686'
build_os='linux-gnu'
build_vendor='pc'
datadir='${prefix}/share'
exec_prefix='${prefix}'
host='i686-pc-linux-gnu'
host_alias=''
host_cpu='i686'
host_os='linux-gnu'
host_vendor='pc'
includedir='${prefix}/include'
infodir='${prefix}/info'
install_sh='/root/cvs/head/gentoo-src/sandbox-1.1/install-sh'
libdir='${exec_prefix}/lib'
libexecdir='${exec_prefix}/libexec'
localstatedir='${prefix}/var'
mandir='${prefix}/man'
mkdir_p='mkdir -p -- .'
oldincludedir='/usr/include'
prefix='/usr'
program_transform_name='s,x,x,'
sbindir='${exec_prefix}/sbin'
sharedstatedir='${prefix}/com'
sysconfdir='${prefix}/etc'
target_alias=''

## ----------- ##
## confdefs.h. ##
## ----------- ##

#define HAVE_ALLOCA 1
#define HAVE_ALLOCA_H 1
#define HAVE_BZERO 1
#define HAVE_CHOWN 1
#define HAVE_DIRENT_H 1
#define HAVE_DLFCN_H 1
#define HAVE_FCNTL_H 1
#define HAVE_FORK 1
#define HAVE_FTRUNCATE 1
#define HAVE_GETCWD 1
#define HAVE_INTTYPES_H 1
#define HAVE_LCHOWN 1
#define HAVE_LIMITS_H 1
#define HAVE_MALLOC 1
#define HAVE_MEMMOVE 1
#define HAVE_MEMORY_H 1
#define HAVE_MEMORY_H 1
#define HAVE_MEMPCPY 1
#define HAVE_MEMSET 1
#define HAVE_MKDIR 1
#define HAVE_PATHCONF 1
#define HAVE_PTRDIFF_T 1
#define HAVE_REALLOC 1
#define HAVE_REALPATH 1
#define HAVE_RMDIR 1
#define HAVE_SETENV 1
#define HAVE_STDDEF_H 1
#define HAVE_STDINT_H 1
#define HAVE_STDLIB_H 1
#define HAVE_STDLIB_H 1
#define HAVE_STDLIB_H 1
#define HAVE_STDLIB_H 1
#define HAVE_STRCASECMP 1
#define HAVE_STRCHR 1
#define HAVE_STRDUP 1
#define HAVE_STRERROR 1
#define HAVE_STRINGS_H 1
#define HAVE_STRINGS_H 1
#define HAVE_STRING_H 1
#define HAVE_STRING_H 1
#define HAVE_STRNDUP 1
#define HAVE_STRRCHR 1
#define HAVE_STRSPN 1
#define HAVE_STRSTR 1
#define HAVE_SYS_FILE_H 1
#define HAVE_SYS_PARAM_H 1
#define HAVE_SYS_STAT_H 1
#define HAVE_SYS_TIME_H 1
#define HAVE_SYS_TYPES_H 1
#define HAVE_SYS_WAIT_H 1
#define HAVE_UNISTD_H 1
#define HAVE_UNISTD_H 1
#define HAVE_UNISTD_H 1
#define HAVE_UNISTD_H 1
#define HAVE_UTIME_H 1
#define HAVE_VFORK 1
#define HAVE_WORKING_FORK 1
#define HAVE_WORKING_VFORK 1
#define LSTAT_FOLLOWS_SLASHED_SYMLINK 1
#define LSTAT_FOLLOWS_SLASHED_SYMLINK 1
#define PACKAGE "sandbox"
#define PACKAGE_BUGREPORT "dev-portage@gentoo.org"
#define PACKAGE_NAME "sandbox"
#define PACKAGE_STRING "sandbox 1.1"
#define PACKAGE_TARNAME "sandbox"
#define PACKAGE_VERSION "1.1"
#define RETSIGTYPE void
#define STDC_HEADERS 1
#define STDC_HEADERS 1
#define VERSION "1.1"
#endif
#ifdef __cplusplus
extern "C" void std::exit (int) throw (); using std::exit;

configure: exit 0
